#
# A fatal error has been detected by the Java Runtime Environment:
#
#  SIGSEGV (0xb) at pc=0x00007fff510ac66c, pid=1357, tid=775
#
# JRE version: Java(TM) SE Runtime Environment (8.0_77-b03) (build 1.8.0_77-b03)
# Java VM: Java HotSpot(TM) 64-Bit Server VM (25.77-b03 mixed mode bsd-amd64 compressed oops)
# Problematic frame:
# C  [CoreFoundation+0x2266c]  CFDataGetBytePtr+0x1c
#
# Failed to write core dump. Core dumps have been disabled. To enable core dumping, try "ulimit -c unlimited" before starting Java again
#
# If you would like to submit a bug report, please visit:
#   http://bugreport.java.com/bugreport/crash.jsp
# The crash happened outside the Java Virtual Machine in native code.
# See problematic frame for where to report the bug.
#

---------------  T H R E A D  ---------------

Current thread (0x00007fca15a28800):  JavaThread "JavaFX Application Thread" [_thread_in_native, id=775, stack(0x00007ffee50f8000,0x00007ffee58f8000)]

siginfo: si_signo: 11 (SIGSEGV), si_code: 1 (SEGV_MAPERR), si_addr: 0x0000000000000000

Registers:
RAX=0x000000000000a613, RBX=0x0000000000000000, RCX=0x001c9100001c9201, RDX=0x0000000000000307
RSP=0x00007ffee58f2a20, RBP=0x00007ffee58f2a30, RSI=0x0000000000000307, RDI=0x0000000000000000
R8 =0x00007fca13d47590, R9 =0xffffffff00000000, R10=0x00007fca13d47588, R11=0x00007fca13d47590
R12=0x0000000000000000, R13=0x00007fca16505dc0, R14=0x0000000000000000, R15=0x0000000000029c7f
RIP=0x00007fff510ac66c, EFLAGS=0x0000000000010246, ERR=0x0000000000000004
  TRAPNO=0x000000000000000e

Top of Stack: (sp=0x00007ffee58f2a20)
0x00007ffee58f2a20:   000000000000a613 0000000000000000
0x00007ffee58f2a30:   00007ffee58f2b00 00007fff72e1f554
0x00007ffee58f2a40:   00007fffab082f90 00007fca13d084a6
0x00007ffee58f2a50:   0000000000000000 00007fca165a11b0
0x00007ffee58f2a60:   00007ffe00000000 000001857919658e
0x00007ffee58f2a70:   0000a61300000005 00007fffab082f90
0x00007ffee58f2a80:   00007ffee58f2ab0 00007fff783c6cc3
0x00007ffee58f2a90:   00007ffee58f2af0 00007fff532185fd
0x00007ffee58f2aa0:   00007fff5352f947 0000000000000008
0x00007ffee58f2ab0:   00007fff5352f92a 00007ffee58f2b00
0x00007ffee58f2ac0:   0100000000000000 0000000000000000
0x00007ffee58f2ad0:   2f3096123a4c0084 0000000000029c7f
0x00007ffee58f2ae0:   0000000000000185 00007fca13cd0ef0
0x00007ffee58f2af0:   0000000000000000 00007fca13df17b0
0x00007ffee58f2b00:   00007ffee58f2b20 00007fff72e1f76c
0x00007ffee58f2b10:   0000000000000001 0000000000000000
0x00007ffee58f2b20:   00007ffee58f2cb0 00007fff4f17184f
0x00007ffee58f2b30:   0000000000000005 0000000000000000
0x00007ffee58f2b40:   00007ffee58f2b90 00007fff532ad348
0x00007ffee58f2b50:   0000000000000008 00007fff4f32d5ab
0x00007ffee58f2b60:   00007ffee58f2ba0 00007fff5111b447
0x00007ffee58f2b70:   00007fca13f07490 00007ffee58f2bb0
0x00007ffee58f2b80:   0000000000000a44 000000010a325080
0x00007ffee58f2b90:   00007ffee58f2c20 00007fff791ab75a
0x00007ffee58f2ba0:   00007fffb1693e88 00007fffb1693480
0x00007ffee58f2bb0:   00007ffee58f2c08 00007ffee58f2bd0
0x00007ffee58f2bc0:   00007ffee58f2bf0 00007fff783e11ac
0x00007ffee58f2bd0:   00007fca148e08d0 0000000000000a00
0x00007ffee58f2be0:   00007fffb1693e80 00029c7f13cd0ef0
0x00007ffee58f2bf0:   000000000000380b 00000185783ceb20
0x00007ffee58f2c00:   0000000000000000 ffff8035ec32f110
0x00007ffee58f2c10:   0000000000000000 0000000000000000 

Instructions: (pc=0x00007fff510ac66c)
0x00007fff510ac64c:   5d c3 66 90 55 48 89 e5 53 50 48 89 fb 48 83 3d
0x00007fff510ac65c:   67 bf fd 59 ff 75 79 f6 c3 01 0f 85 8c 00 00 00
0x00007fff510ac66c:   48 8b 03 48 85 c0 74 48 48 8d 0d ad d6 fd 59 48
0x00007fff510ac67c:   3b 01 74 3c 48 8b 0d 49 bf fd 59 48 81 f9 ff 03 

Register to memory mapping:

RAX=0x000000000000a613 is an unknown value
RBX=0x0000000000000000 is an unknown value
RCX=0x001c9100001c9201 is an unknown value
RDX=0x0000000000000307 is an unknown value
RSP=0x00007ffee58f2a20 is pointing into the stack for thread: 0x00007fca15a28800
RBP=0x00007ffee58f2a30 is pointing into the stack for thread: 0x00007fca15a28800
RSI=0x0000000000000307 is an unknown value
RDI=0x0000000000000000 is an unknown value
R8 =0x00007fca13d47590 is an unknown value
R9 =0xffffffff00000000 is an unknown value
R10=0x00007fca13d47588 is an unknown value
R11=0x00007fca13d47590 is an unknown value
R12=0x0000000000000000 is an unknown value
R13=0x00007fca16505dc0 is an unknown value
R14=0x0000000000000000 is an unknown value
R15=0x0000000000029c7f is an unknown value


Stack: [0x00007ffee50f8000,0x00007ffee58f8000],  sp=0x00007ffee58f2a20,  free space=8170k
Native frames: (J=compiled Java code, j=interpreted, Vv=VM code, C=native code)
C  [CoreFoundation+0x2266c]  CFDataGetBytePtr+0x1c
C  [SkyLight+0x8a554]  shape_window_internal+0xe6
C  [SkyLight+0x8a76c]  SLSShapeWindowInWindowCoordinates+0x1e
C  [AppKit+0xb1684f]  __NSCGSWindowMark__block_invoke_2+0xba
C  [AppKit+0xb1711b]  _NSCGSWindowEnumerateForCommit+0x1d2
C  [AppKit+0x17515d]  __NSCGSWindowMark__block_invoke+0x125
C  [AppKit+0x174eed]  NSCGSTransactionRunPreCommitActionsForOrder_+0x118
C  [AppKit+0x174db8]  NSCGSTransactionRunPreCommitActions_+0x15
C  [AppKit+0x174d97]  __39+[_NSCGSTransaction currentTransaction]_block_invoke+0x22
C  [QuartzCore+0x118c7]  CA::Transaction::run_commit_handlers(CATransactionPhase)+0x31
C  [QuartzCore+0x10d8f]  CA::Context::commit_transaction(CA::Transaction*)+0x5a9
C  [QuartzCore+0x104c5]  CA::Transaction::commit()+0x1e7
C  [AppKit+0x938a72]  __65+[CATransaction(NSCATransaction) NS_setFlushesWithDisplayRefresh]_block_invoke+0x11b
C  [CoreFoundation+0x9f737]  __CFRUNLOOP_IS_CALLING_OUT_TO_AN_OBSERVER_CALLBACK_FUNCTION__+0x17
C  [CoreFoundation+0x9f65f]  __CFRunLoopDoObservers+0x1ff
C  [CoreFoundation+0x82128]  __CFRunLoopRun+0x4d8
C  [CoreFoundation+0x819b7]  CFRunLoopRunSpecific+0x1e7
C  [HIToolbox+0x2fd96]  RunCurrentEventLoopInMode+0x11e
C  [HIToolbox+0x2fa0f]  ReceiveNextEventCommon+0x16e
C  [HIToolbox+0x2f884]  _BlockUntilNextEventMatchingListInModeWithFilter+0x40
C  [AppKit+0x41a73]  _DPSNextEvent+0x825
C  [AppKit+0x7d7e34]  -[NSApplication(NSEvent) _nextEventMatchingEventMask:untilDate:inMode:dequeue:]+0xbe4
C  [AppKit+0x36885]  -[NSApplication run]+0x2fc
C  [libglass.dylib+0x655c]  -[GlassApplication runLoop:]+0x72c
C  [Foundation+0x682b5]  __NSThreadPerformPerform+0x14e
C  [CoreFoundation+0x9fd31]  __CFRUNLOOP_IS_CALLING_OUT_TO_A_SOURCE0_PERFORM_FUNCTION__+0x11
C  [CoreFoundation+0x15760c]  __CFRunLoopDoSource0+0x6c
C  [CoreFoundation+0x82ce0]  __CFRunLoopDoSources0+0xd0
C  [CoreFoundation+0x8215d]  __CFRunLoopRun+0x50d
C  [CoreFoundation+0x819b7]  CFRunLoopRunSpecific+0x1e7
C  [java+0x6463]  CreateExecutionEnvironment+0x367
C  [java+0x21ac]  JLI_Launch+0x7a0
C  [java+0x84c0]  main+0x65
C  [java+0x1a04]  start+0x34
C  0x0000000000000006


---------------  P R O C E S S  ---------------

Java Threads: ( => current thread )
  0x00007fca158c0000 JavaThread "Prism Font Disposer" daemon [_thread_blocked, id=50439, stack(0x0000700010aa1000,0x0000700010ba1000)]
  0x00007fca15b31800 JavaThread "JavaFX-Launcher" [_thread_blocked, id=49419, stack(0x000070001099e000,0x0000700010a9e000)]
  0x00007fca15b0e000 JavaThread "Thread-3" daemon [_thread_in_native, id=33027, stack(0x0000700010815000,0x0000700010895000)]
=>0x00007fca15a28800 JavaThread "JavaFX Application Thread" [_thread_in_native, id=775, stack(0x00007ffee50f8000,0x00007ffee58f8000)]
  0x00007fca14155000 JavaThread "Thread-1" daemon [_thread_blocked, id=23819, stack(0x000070001068f000,0x000070001078f000)]
  0x00007fca158db800 JavaThread "QuantumRenderer-0" daemon [_thread_blocked, id=17667, stack(0x000070001058c000,0x000070001068c000)]
  0x00007fca1504e000 JavaThread "Service Thread" daemon [_thread_blocked, id=15363, stack(0x0000700010386000,0x0000700010486000)]
  0x00007fca1581b800 JavaThread "C1 CompilerThread2" daemon [_thread_blocked, id=14851, stack(0x0000700010283000,0x0000700010383000)]
  0x00007fca15012000 JavaThread "C2 CompilerThread1" daemon [_thread_blocked, id=18435, stack(0x0000700010180000,0x0000700010280000)]
  0x00007fca14088800 JavaThread "C2 CompilerThread0" daemon [_thread_blocked, id=14339, stack(0x000070001007d000,0x000070001017d000)]
  0x00007fca14091800 JavaThread "Monitor Ctrl-Break" daemon [_thread_in_native, id=13827, stack(0x000070000ff7a000,0x000070001007a000)]
  0x00007fca14015000 JavaThread "Signal Dispatcher" daemon [_thread_blocked, id=19211, stack(0x000070000fe77000,0x000070000ff77000)]
  0x00007fca14028000 JavaThread "Finalizer" daemon [_thread_blocked, id=12035, stack(0x000070000fd74000,0x000070000fe74000)]
  0x00007fca14000800 JavaThread "Reference Handler" daemon [_thread_blocked, id=11523, stack(0x000070000fc71000,0x000070000fd71000)]
  0x00007fca15803800 JavaThread "main" [_thread_blocked, id=6147, stack(0x000070000f65f000,0x000070000f75f000)]

Other Threads:
  0x00007fca1501e000 VMThread [stack: 0x000070000fb6e000,0x000070000fc6e000] [id=20995]
  0x00007fca15013000 WatcherThread [stack: 0x0000700010489000,0x0000700010589000] [id=17923]

VM state:not at safepoint (normal execution)

VM Mutex/Monitor currently owned by a thread: None

Heap:
 PSYoungGen      total 195584K, used 36517K [0x00000007aab00000, 0x00000007b9f80000, 0x00000007c0000000)
  eden space 145920K, 25% used [0x00000007aab00000,0x00000007acea9520,0x00000007b3980000)
  from space 49664K, 0% used [0x00000007b6f00000,0x00000007b6f00000,0x00000007b9f80000)
  to   space 52224K, 0% used [0x00000007b3980000,0x00000007b3980000,0x00000007b6c80000)
 ParOldGen       total 161280K, used 43449K [0x0000000780000000, 0x0000000789d80000, 0x00000007aab00000)
  object space 161280K, 26% used [0x0000000780000000,0x0000000782a6e6a8,0x0000000789d80000)
 Metaspace       used 14897K, capacity 15606K, committed 15744K, reserved 1062912K
  class space    used 1969K, capacity 2169K, committed 2176K, reserved 1048576K

Card table byte_map: [0x000000010bfc0000,0x000000010c1c1000] byte_map_base: 0x00000001083c0000

Marking Bits: (ParMarkBitMap*) 0x000000010ac24ea0
 Begin Bits: [0x000000010c317000, 0x000000010d317000)
 End Bits:   [0x000000010d317000, 0x000000010e317000)

Polling page: 0x000000010b313000

CodeCache: size=245760Kb used=7658Kb max_used=7796Kb free=238101Kb
 bounds [0x0000000110a3d000, 0x00000001111ed000, 0x000000011fa3d000]
 total_blobs=3145 nmethods=2507 adapters=551
 compilation: enabled

Compilation events (10 events):
Event: 36.071 Thread 0x00007fca1581b800 2584       3       javafx.scene.text.Text::getY (19 bytes)
Event: 36.072 Thread 0x00007fca1581b800 nmethod 2584 0x0000000110c16710 code [0x0000000110c168a0, 0x0000000110c16c68]
Event: 36.072 Thread 0x00007fca1581b800 2585       3       javafx.scene.text.Text::getTextOrigin (29 bytes)
Event: 36.072 Thread 0x00007fca1581b800 nmethod 2585 0x0000000110cb9510 code [0x0000000110cb96a0, 0x0000000110cb9be8]
Event: 36.073 Thread 0x00007fca1581b800 2566       1       com.sun.javafx.tk.quantum.ViewScene::getPlatformView (5 bytes)
Event: 36.073 Thread 0x00007fca1581b800 nmethod 2566 0x0000000110c713d0 code [0x0000000110c71520, 0x0000000110c71630]
Event: 36.073 Thread 0x00007fca1581b800 2574       1       javafx.scene.text.Font::getFamily (5 bytes)
Event: 36.073 Thread 0x00007fca1581b800 nmethod 2574 0x0000000110b74290 code [0x0000000110b743e0, 0x0000000110b744f0]
Event: 36.074 Thread 0x00007fca14088800 nmethod 2573 0x0000000110cd0550 code [0x0000000110cd0700, 0x0000000110cd0cc8]
Event: 36.080 Thread 0x00007fca15012000 nmethod 2575 0x0000000110c1f790 code [0x0000000110c1f980, 0x0000000110c20238]

GC Heap History (10 events):
Event: 4.794 GC heap before
{Heap before GC invocations=14 (full 4):
 PSYoungGen      total 114176K, used 108127K [0x00000007aab00000, 0x00000007b6680000, 0x00000007c0000000)
  eden space 81408K, 95% used [0x00000007aab00000,0x00000007af748b60,0x00000007afa80000)
  from space 32768K, 91% used [0x00000007afa80000,0x00000007b17cf2a8,0x00000007b1a80000)
  to   space 37376K, 0% used [0x00000007b4200000,0x00000007b4200000,0x00000007b6680000)
 ParOldGen       total 269824K, used 180309K [0x0000000780000000, 0x0000000790780000, 0x00000007aab00000)
  object space 269824K, 66% used [0x0000000780000000,0x000000078b015650,0x0000000790780000)
 Metaspace       used 8950K, capacity 9328K, committed 9472K, reserved 1056768K
  class space    used 1156K, capacity 1272K, committed 1280K, reserved 1048576K
Event: 4.849 GC heap after
Heap after GC invocations=14 (full 4):
 PSYoungGen      total 148480K, used 37328K [0x00000007aab00000, 0x00000007b7280000, 0x00000007c0000000)
  eden space 111104K, 0% used [0x00000007aab00000,0x00000007aab00000,0x00000007b1780000)
  from space 37376K, 99% used [0x00000007b4200000,0x00000007b6674160,0x00000007b6680000)
  to   space 43520K, 0% used [0x00000007b1780000,0x00000007b1780000,0x00000007b4200000)
 ParOldGen       total 269824K, used 230733K [0x0000000780000000, 0x0000000790780000, 0x00000007aab00000)
  object space 269824K, 85% used [0x0000000780000000,0x000000078e153730,0x0000000790780000)
 Metaspace       used 8950K, capacity 9328K, committed 9472K, reserved 1056768K
  class space    used 1156K, capacity 1272K, committed 1280K, reserved 1048576K
}
Event: 4.849 GC heap before
{Heap before GC invocations=15 (full 5):
 PSYoungGen      total 148480K, used 37328K [0x00000007aab00000, 0x00000007b7280000, 0x00000007c0000000)
  eden space 111104K, 0% used [0x00000007aab00000,0x00000007aab00000,0x00000007b1780000)
  from space 37376K, 99% used [0x00000007b4200000,0x00000007b6674160,0x00000007b6680000)
  to   space 43520K, 0% used [0x00000007b1780000,0x00000007b1780000,0x00000007b4200000)
 ParOldGen       total 269824K, used 230733K [0x0000000780000000, 0x0000000790780000, 0x00000007aab00000)
  object space 269824K, 85% used [0x0000000780000000,0x000000078e153730,0x0000000790780000)
 Metaspace       used 8950K, capacity 9328K, committed 9472K, reserved 1056768K
  class space    used 1156K, capacity 1272K, committed 1280K, reserved 1048576K
Event: 4.931 GC heap after
Heap after GC invocations=15 (full 5):
 PSYoungGen      total 148480K, used 0K [0x00000007aab00000, 0x00000007b7280000, 0x00000007c0000000)
  eden space 111104K, 0% used [0x00000007aab00000,0x00000007aab00000,0x00000007b1780000)
  from space 37376K, 0% used [0x00000007b4200000,0x00000007b4200000,0x00000007b6680000)
  to   space 43520K, 0% used [0x00000007b1780000,0x00000007b1780000,0x00000007b4200000)
 ParOldGen       total 372224K, used 267918K [0x0000000780000000, 0x0000000796b80000, 0x00000007aab00000)
  object space 372224K, 71% used [0x0000000780000000,0x00000007905a3a00,0x0000000796b80000)
 Metaspace       used 8950K, capacity 9328K, committed 9472K, reserved 1056768K
  class space    used 1156K, capacity 1272K, committed 1280K, reserved 1048576K
}
Event: 21.572 GC heap before
{Heap before GC invocations=16 (full 5):
 PSYoungGen      total 148480K, used 111104K [0x00000007aab00000, 0x00000007b7280000, 0x00000007c0000000)
  eden space 111104K, 100% used [0x00000007aab00000,0x00000007b1780000,0x00000007b1780000)
  from space 37376K, 0% used [0x00000007b4200000,0x00000007b4200000,0x00000007b6680000)
  to   space 43520K, 0% used [0x00000007b1780000,0x00000007b1780000,0x00000007b4200000)
 ParOldGen       total 372224K, used 267918K [0x0000000780000000, 0x0000000796b80000, 0x00000007aab00000)
  object space 372224K, 71% used [0x0000000780000000,0x00000007905a3a00,0x0000000796b80000)
 Metaspace       used 14546K, capacity 15256K, committed 15488K, reserved 1062912K
  class space    used 1945K, capacity 2152K, committed 2176K, reserved 1048576K
Event: 21.681 GC heap after
Heap after GC invocations=16 (full 5):
 PSYoungGen      total 154624K, used 42868K [0x00000007aab00000, 0x00000007ba000000, 0x00000007c0000000)
  eden space 111104K, 0% used [0x00000007aab00000,0x00000007aab00000,0x00000007b1780000)
  from space 43520K, 98% used [0x00000007b1780000,0x00000007b415d050,0x00000007b4200000)
  to   space 50176K, 0% used [0x00000007b6f00000,0x00000007b6f00000,0x00000007ba000000)
 ParOldGen       total 372224K, used 303926K [0x0000000780000000, 0x0000000796b80000, 0x00000007aab00000)
  object space 372224K, 81% used [0x0000000780000000,0x00000007928cdaa0,0x0000000796b80000)
 Metaspace       used 14546K, capacity 15256K, committed 15488K, reserved 1062912K
  class space    used 1945K, capacity 2152K, committed 2176K, reserved 1048576K
}
Event: 35.672 GC heap before
{Heap before GC invocations=17 (full 5):
 PSYoungGen      total 154624K, used 152204K [0x00000007aab00000, 0x00000007ba000000, 0x00000007c0000000)
  eden space 111104K, 98% used [0x00000007aab00000,0x00000007b15c6120,0x00000007b1780000)
  from space 43520K, 98% used [0x00000007b1780000,0x00000007b415d050,0x00000007b4200000)
  to   space 50176K, 0% used [0x00000007b6f00000,0x00000007b6f00000,0x00000007ba000000)
 ParOldGen       total 372224K, used 303926K [0x0000000780000000, 0x0000000796b80000, 0x00000007aab00000)
  object space 372224K, 81% used [0x0000000780000000,0x00000007928cdaa0,0x0000000796b80000)
 Metaspace       used 14875K, capacity 15606K, committed 15744K, reserved 1062912K
  class space    used 1967K, capacity 2169K, committed 2176K, reserved 1048576K
Event: 35.774 GC heap after
Heap after GC invocations=17 (full 5):
 PSYoungGen      total 195584K, used 33704K [0x00000007aab00000, 0x00000007b9f80000, 0x00000007c0000000)
  eden space 145920K, 0% used [0x00000007aab00000,0x00000007aab00000,0x00000007b3980000)
  from space 49664K, 67% used [0x00000007b6f00000,0x00000007b8fea020,0x00000007b9f80000)
  to   space 52224K, 0% used [0x00000007b3980000,0x00000007b3980000,0x00000007b6c80000)
 ParOldGen       total 372224K, used 345624K [0x0000000780000000, 0x0000000796b80000, 0x00000007aab00000)
  object space 372224K, 92% used [0x0000000780000000,0x00000007951861d8,0x0000000796b80000)
 Metaspace       used 14875K, capacity 15606K, committed 15744K, reserved 1062912K
  class space    used 1967K, capacity 2169K, committed 2176K, reserved 1048576K
}
Event: 35.774 GC heap before
{Heap before GC invocations=18 (full 6):
 PSYoungGen      total 195584K, used 33704K [0x00000007aab00000, 0x00000007b9f80000, 0x00000007c0000000)
  eden space 145920K, 0% used [0x00000007aab00000,0x00000007aab00000,0x00000007b3980000)
  from space 49664K, 67% used [0x00000007b6f00000,0x00000007b8fea020,0x00000007b9f80000)
  to   space 52224K, 0% used [0x00000007b3980000,0x00000007b3980000,0x00000007b6c80000)
 ParOldGen       total 372224K, used 345624K [0x0000000780000000, 0x0000000796b80000, 0x00000007aab00000)
  object space 372224K, 92% used [0x0000000780000000,0x00000007951861d8,0x0000000796b80000)
 Metaspace       used 14875K, capacity 15606K, committed 15744K, reserved 1062912K
  class space    used 1967K, capacity 2169K, committed 2176K, reserved 1048576K
Event: 35.883 GC heap after
Heap after GC invocations=18 (full 6):
 PSYoungGen      total 195584K, used 0K [0x00000007aab00000, 0x00000007b9f80000, 0x00000007c0000000)
  eden space 145920K, 0% used [0x00000007aab00000,0x00000007aab00000,0x00000007b3980000)
  from space 49664K, 0% used [0x00000007b6f00000,0x00000007b6f00000,0x00000007b9f80000)
  to   space 52224K, 0% used [0x00000007b3980000,0x00000007b3980000,0x00000007b6c80000)
 ParOldGen       total 161280K, used 43449K [0x0000000780000000, 0x0000000789d80000, 0x00000007aab00000)
  object space 161280K, 26% used [0x0000000780000000,0x0000000782a6e6a8,0x0000000789d80000)
 Metaspace       used 14875K, capacity 15606K, committed 15744K, reserved 1062912K
  class space    used 1967K, capacity 2169K, committed 2176K, reserved 1048576K
}

Deoptimization events (10 events):
Event: 26.551 Thread 0x00007fca15a28800 Uncommon trap: reason=class_check action=maybe_recompile pc=0x0000000110d01338 method=java.io.SequenceInputStream.read()I @ 11
Event: 30.449 Thread 0x00007fca15a28800 Uncommon trap: reason=class_check action=maybe_recompile pc=0x0000000110d01338 method=java.io.SequenceInputStream.read()I @ 11
Event: 32.687 Thread 0x00007fca15a28800 Uncommon trap: reason=unstable_if action=reinterpret pc=0x00000001110bccdc method=javafx.scene.Node.impl_intersectsBounds(Lcom/sun/javafx/geom/PickRay;)D @ 95
Event: 33.745 Thread 0x00007fca15a28800 Uncommon trap: reason=class_check action=maybe_recompile pc=0x0000000110d01338 method=java.io.SequenceInputStream.read()I @ 11
Event: 33.918 Thread 0x00007fca15a28800 Uncommon trap: reason=array_check action=maybe_recompile pc=0x0000000111131e98 method=com.sun.javafx.css.SimpleSelector.applies(Ljavafx/css/Styleable;[Ljava/util/Set;I)Z @ 37
Event: 33.918 Thread 0x00007fca15a28800 Uncommon trap: reason=array_check action=maybe_recompile pc=0x0000000111131e98 method=com.sun.javafx.css.SimpleSelector.applies(Ljavafx/css/Styleable;[Ljava/util/Set;I)Z @ 37
Event: 33.918 Thread 0x00007fca15a28800 Uncommon trap: reason=array_check action=maybe_recompile pc=0x0000000111131e98 method=com.sun.javafx.css.SimpleSelector.applies(Ljavafx/css/Styleable;[Ljava/util/Set;I)Z @ 37
Event: 33.918 Thread 0x00007fca15a28800 Uncommon trap: reason=array_check action=maybe_recompile pc=0x0000000111131e98 method=com.sun.javafx.css.SimpleSelector.applies(Ljavafx/css/Styleable;[Ljava/util/Set;I)Z @ 37
Event: 36.065 Thread 0x00007fca15a28800 Uncommon trap: reason=unstable_if action=reinterpret pc=0x0000000111084934 method=java.lang.StrictMath.floorOrCeil(DDDD)D @ 38
Event: 36.067 Thread 0x00007fca15a28800 Uncommon trap: reason=unstable_if action=reinterpret pc=0x00000001111b14fc method=java.lang.StrictMath.floorOrCeil(DDDD)D @ 38

Internal exceptions (10 events):
Event: 0.576 Thread 0x00007fca15803800 Exception <a 'java/lang/NoSuchFieldError': method resolution failed> (0x00000007aae3ded0) thrown at [/Users/java_re/workspace/8-2-build-macosx-x86_64/jdk8u77/6540/hotspot/src/share/vm/prims/methodHandles.cpp, line 1146]
Event: 0.586 Thread 0x00007fca15803800 Exception <a 'java/lang/NoSuchFieldError': method resolution failed> (0x00000007aae4bb00) thrown at [/Users/java_re/workspace/8-2-build-macosx-x86_64/jdk8u77/6540/hotspot/src/share/vm/prims/methodHandles.cpp, line 1146]
Event: 0.692 Thread 0x00007fca15803800 Exception <a 'java/security/PrivilegedActionException'> (0x00000007aaef7520) thrown at [/Users/java_re/workspace/8-2-build-macosx-x86_64/jdk8u77/6540/hotspot/src/share/vm/prims/jvm.cpp, line 1386]
Event: 0.692 Thread 0x00007fca15803800 Exception <a 'java/security/PrivilegedActionException'> (0x00000007aaef7730) thrown at [/Users/java_re/workspace/8-2-build-macosx-x86_64/jdk8u77/6540/hotspot/src/share/vm/prims/jvm.cpp, line 1386]
Event: 0.693 Thread 0x00007fca15803800 Exception <a 'java/security/PrivilegedActionException'> (0x00000007aaefa9d0) thrown at [/Users/java_re/workspace/8-2-build-macosx-x86_64/jdk8u77/6540/hotspot/src/share/vm/prims/jvm.cpp, line 1386]
Event: 0.693 Thread 0x00007fca15803800 Exception <a 'java/security/PrivilegedActionException'> (0x00000007aaefabe0) thrown at [/Users/java_re/workspace/8-2-build-macosx-x86_64/jdk8u77/6540/hotspot/src/share/vm/prims/jvm.cpp, line 1386]
Event: 0.693 Thread 0x00007fca15803800 Exception <a 'java/lang/NullPointerException'> (0x00000007aaefb800) thrown at [/Users/java_re/workspace/8-2-build-macosx-x86_64/jdk8u77/6540/hotspot/src/share/vm/interpreter/linkResolver.cpp, line 1178]
Event: 1.860 Thread 0x00007fca15a28800 Exception <a 'java/lang/NullPointerException'> (0x00000007ab8d5700) thrown at [/Users/java_re/workspace/8-2-build-macosx-x86_64/jdk8u77/6540/hotspot/src/share/vm/interpreter/linkResolver.cpp, line 1178]
Event: 1.860 Thread 0x00007fca15a28800 Exception <a 'java/lang/NullPointerException'> (0x00000007ab8d5700) thrown at [/Users/java_re/workspace/8-2-build-macosx-x86_64/jdk8u77/6540/hotspot/src/share/vm/prims/jvm.cpp, line 1390]
Event: 6.404 Thread 0x00007fca15a28800 Implicit null exception at 0x0000000110c90cb5 to 0x0000000110c90ead

Events (10 events):
Event: 36.065 Thread 0x00007fca15a28800 DEOPT UNPACKING pc=0x0000000110a42229 sp=0x00007ffee58f1328 mode 2
Event: 36.067 Thread 0x00007fca15a28800 Uncommon trap: trap_request=0xffffff65 fr.pc=0x00000001111b14fc
Event: 36.067 Thread 0x00007fca15a28800 DEOPT PACKING pc=0x00000001111b14fc sp=0x00007ffee58f16c0
Event: 36.067 Thread 0x00007fca15a28800 DEOPT UNPACKING pc=0x0000000110a42229 sp=0x00007ffee58f1558 mode 2
Event: 36.072 loading class java/lang/Throwable$WrappedPrintStream
Event: 36.072 loading class java/lang/Throwable$PrintStreamOrWriter
Event: 36.072 loading class java/lang/Throwable$PrintStreamOrWriter done
Event: 36.072 loading class java/lang/Throwable$WrappedPrintStream done
Event: 36.072 loading class java/util/IdentityHashMap$KeySet
Event: 36.073 loading class java/util/IdentityHashMap$KeySet done


Dynamic libraries:
0x00000000292da000 	/System/Library/Frameworks/Cocoa.framework/Versions/A/Cocoa
0x00000000292da000 	/System/Library/Frameworks/Security.framework/Versions/A/Security
0x00000000292da000 	/System/Library/Frameworks/ApplicationServices.framework/Versions/A/ApplicationServices
0x00000000292da000 	/usr/lib/libz.1.dylib
0x00000000292da000 	/usr/lib/libSystem.B.dylib
0x00000000292da000 	/usr/lib/libobjc.A.dylib
0x00000000292da000 	/System/Library/Frameworks/CoreFoundation.framework/Versions/A/CoreFoundation
0x00000000292da000 	/System/Library/Frameworks/Foundation.framework/Versions/C/Foundation
0x00000000292da000 	/System/Library/Frameworks/AppKit.framework/Versions/C/AppKit
0x00000000292da000 	/System/Library/Frameworks/CoreData.framework/Versions/A/CoreData
0x00000000292da000 	/System/Library/PrivateFrameworks/RemoteViewServices.framework/Versions/A/RemoteViewServices
0x00000000292da000 	/System/Library/PrivateFrameworks/UIFoundation.framework/Versions/A/UIFoundation
0x00000000292da000 	/System/Library/PrivateFrameworks/DFRFoundation.framework/Versions/A/DFRFoundation
0x00000000292da000 	/System/Library/Frameworks/Metal.framework/Versions/A/Metal
0x00000000292da000 	/System/Library/PrivateFrameworks/DesktopServicesPriv.framework/Versions/A/DesktopServicesPriv
0x00000000292da000 	/usr/lib/libenergytrace.dylib
0x00000000292da000 	/System/Library/PrivateFrameworks/SkyLight.framework/Versions/A/SkyLight
0x00000000292da000 	/System/Library/Frameworks/CoreGraphics.framework/Versions/A/CoreGraphics
0x00000000292da000 	/usr/lib/libScreenReader.dylib
0x00000000292da000 	/System/Library/Frameworks/Accelerate.framework/Versions/A/Accelerate
0x00000000292da000 	/System/Library/Frameworks/IOSurface.framework/Versions/A/IOSurface
0x00000000292da000 	/System/Library/Frameworks/AudioToolbox.framework/Versions/A/AudioToolbox
0x00000000292da000 	/System/Library/Frameworks/AudioUnit.framework/Versions/A/AudioUnit
0x00000000292da000 	/System/Library/PrivateFrameworks/DataDetectorsCore.framework/Versions/A/DataDetectorsCore
0x00000000292da000 	/System/Library/Frameworks/Carbon.framework/Versions/A/Frameworks/HIToolbox.framework/Versions/A/HIToolbox
0x00000000292da000 	/usr/lib/libicucore.A.dylib
0x00000000292da000 	/System/Library/Frameworks/QuartzCore.framework/Versions/A/QuartzCore
0x00000000292da000 	/System/Library/PrivateFrameworks/SignpostNotification.framework/Versions/A/SignpostNotification
0x00000000292da000 	/System/Library/Frameworks/Carbon.framework/Versions/A/Frameworks/SpeechRecognition.framework/Versions/A/SpeechRecognition
0x00000000292da000 	/usr/lib/libauto.dylib
0x00000000292da000 	/usr/lib/libxml2.2.dylib
0x00000000292da000 	/System/Library/PrivateFrameworks/CoreUI.framework/Versions/A/CoreUI
0x00000000292da000 	/System/Library/Frameworks/CoreAudio.framework/Versions/A/CoreAudio
0x00000000292da000 	/System/Library/Frameworks/DiskArbitration.framework/Versions/A/DiskArbitration
0x00000000292da000 	/usr/lib/liblangid.dylib
0x00000000292da000 	/System/Library/PrivateFrameworks/MultitouchSupport.framework/Versions/A/MultitouchSupport
0x00000000292da000 	/System/Library/Frameworks/IOKit.framework/Versions/A/IOKit
0x00000000292da000 	/usr/lib/libDiagnosticMessagesClient.dylib
0x00000000292da000 	/System/Library/Frameworks/CoreServices.framework/Versions/A/CoreServices
0x00000000292da000 	/System/Library/PrivateFrameworks/PerformanceAnalysis.framework/Versions/A/PerformanceAnalysis
0x00000000292da000 	/System/Library/Frameworks/OpenGL.framework/Versions/A/OpenGL
0x00000000292da000 	/System/Library/Frameworks/ColorSync.framework/Versions/A/ColorSync
0x00000000292da000 	/System/Library/Frameworks/CoreImage.framework/Versions/A/CoreImage
0x00000000292da000 	/System/Library/Frameworks/CoreText.framework/Versions/A/CoreText
0x00000000292da000 	/System/Library/Frameworks/ImageIO.framework/Versions/A/ImageIO
0x00000000292da000 	/System/Library/PrivateFrameworks/Backup.framework/Versions/A/Backup
0x00000000292da000 	/usr/lib/libarchive.2.dylib
0x00000000292da000 	/System/Library/Frameworks/CFNetwork.framework/Versions/A/CFNetwork
0x00000000292da000 	/System/Library/Frameworks/SystemConfiguration.framework/Versions/A/SystemConfiguration
0x00000000292da000 	/usr/lib/libCRFSuite.dylib
0x00000000292da000 	/usr/lib/libc++.1.dylib
0x00000000292da000 	/usr/lib/libc++abi.dylib
0x00000000292da000 	/usr/lib/system/libcache.dylib
0x00000000292da000 	/usr/lib/system/libcommonCrypto.dylib
0x00000000292da000 	/usr/lib/system/libcompiler_rt.dylib
0x00000000292da000 	/usr/lib/system/libcopyfile.dylib
0x00000000292da000 	/usr/lib/system/libcorecrypto.dylib
0x00000000292da000 	/usr/lib/system/libdispatch.dylib
0x00000000292da000 	/usr/lib/system/libdyld.dylib
0x00000000292da000 	/usr/lib/system/libkeymgr.dylib
0x00000000292da000 	/usr/lib/system/liblaunch.dylib
0x00000000292da000 	/usr/lib/system/libmacho.dylib
0x00000000292da000 	/usr/lib/system/libquarantine.dylib
0x00000000292da000 	/usr/lib/system/libremovefile.dylib
0x00000000292da000 	/usr/lib/system/libsystem_asl.dylib
0x00000000292da000 	/usr/lib/system/libsystem_blocks.dylib
0x00000000292da000 	/usr/lib/system/libsystem_c.dylib
0x00000000292da000 	/usr/lib/system/libsystem_configuration.dylib
0x00000000292da000 	/usr/lib/system/libsystem_coreservices.dylib
0x00000000292da000 	/usr/lib/system/libsystem_darwin.dylib
0x00000000292da000 	/usr/lib/system/libsystem_dnssd.dylib
0x00000000292da000 	/usr/lib/system/libsystem_info.dylib
0x00000000292da000 	/usr/lib/system/libsystem_m.dylib
0x00000000292da000 	/usr/lib/system/libsystem_malloc.dylib
0x00000000292da000 	/usr/lib/system/libsystem_network.dylib
0x00000000292da000 	/usr/lib/system/libsystem_networkextension.dylib
0x00000000292da000 	/usr/lib/system/libsystem_notify.dylib
0x00000000292da000 	/usr/lib/system/libsystem_sandbox.dylib
0x00000000292da000 	/usr/lib/system/libsystem_secinit.dylib
0x00000000292da000 	/usr/lib/system/libsystem_kernel.dylib
0x00000000292da000 	/usr/lib/system/libsystem_platform.dylib
0x00000000292da000 	/usr/lib/system/libsystem_pthread.dylib
0x00000000292da000 	/usr/lib/system/libsystem_symptoms.dylib
0x00000000292da000 	/usr/lib/system/libsystem_trace.dylib
0x00000000292da000 	/usr/lib/system/libunwind.dylib
0x00000000292da000 	/usr/lib/system/libxpc.dylib
0x00000000292da000 	/usr/lib/closure/libclosured.dylib
0x00000000292da000 	/usr/lib/libbsm.0.dylib
0x00000000292da000 	/usr/lib/system/libkxld.dylib
0x00000000292da000 	/usr/lib/libOpenScriptingUtil.dylib
0x00000000292da000 	/usr/lib/libcoretls.dylib
0x00000000292da000 	/usr/lib/libcoretls_cfhelpers.dylib
0x00000000292da000 	/usr/lib/libpam.2.dylib
0x00000000292da000 	/usr/lib/libsqlite3.dylib
0x00000000292da000 	/usr/lib/libxar.1.dylib
0x00000000292da000 	/usr/lib/libbz2.1.0.dylib
0x00000000292da000 	/usr/lib/liblzma.5.dylib
0x00000000292da000 	/usr/lib/libnetwork.dylib
0x00000000292da000 	/usr/lib/libapple_nghttp2.dylib
0x00000000292da000 	/usr/lib/libpcap.A.dylib
0x00000000292da000 	/usr/lib/libboringssl.dylib
0x00000000292da000 	/usr/lib/libusrtcp.dylib
0x00000000292da000 	/usr/lib/libapple_crypto.dylib
0x00000000292da000 	/System/Library/Frameworks/CoreServices.framework/Versions/A/Frameworks/FSEvents.framework/Versions/A/FSEvents
0x00000000292da000 	/System/Library/Frameworks/CoreServices.framework/Versions/A/Frameworks/CarbonCore.framework/Versions/A/CarbonCore
0x00000000292da000 	/System/Library/Frameworks/CoreServices.framework/Versions/A/Frameworks/Metadata.framework/Versions/A/Metadata
0x00000000292da000 	/System/Library/Frameworks/CoreServices.framework/Versions/A/Frameworks/OSServices.framework/Versions/A/OSServices
0x00000000292da000 	/System/Library/Frameworks/CoreServices.framework/Versions/A/Frameworks/SearchKit.framework/Versions/A/SearchKit
0x00000000292da000 	/System/Library/Frameworks/CoreServices.framework/Versions/A/Frameworks/AE.framework/Versions/A/AE
0x00000000292da000 	/System/Library/Frameworks/CoreServices.framework/Versions/A/Frameworks/LaunchServices.framework/Versions/A/LaunchServices
0x00000000292da000 	/System/Library/Frameworks/CoreServices.framework/Versions/A/Frameworks/DictionaryServices.framework/Versions/A/DictionaryServices
0x00000000292da000 	/System/Library/Frameworks/CoreServices.framework/Versions/A/Frameworks/SharedFileList.framework/Versions/A/SharedFileList
0x00000000292da000 	/System/Library/Frameworks/NetFS.framework/Versions/A/NetFS
0x00000000292da000 	/System/Library/PrivateFrameworks/NetAuth.framework/Versions/A/NetAuth
0x00000000292da000 	/System/Library/PrivateFrameworks/login.framework/Versions/A/Frameworks/loginsupport.framework/Versions/A/loginsupport
0x00000000292da000 	/System/Library/PrivateFrameworks/TCC.framework/Versions/A/TCC
0x00000000292da000 	/usr/lib/libmecabra.dylib
0x00000000292da000 	/System/Library/Frameworks/ApplicationServices.framework/Versions/A/Frameworks/ATS.framework/Versions/A/ATS
0x00000000292da000 	/System/Library/Frameworks/ApplicationServices.framework/Versions/A/Frameworks/ColorSyncLegacy.framework/Versions/A/ColorSyncLegacy
0x00000000292da000 	/System/Library/Frameworks/ApplicationServices.framework/Versions/A/Frameworks/HIServices.framework/Versions/A/HIServices
0x00000000292da000 	/System/Library/Frameworks/ApplicationServices.framework/Versions/A/Frameworks/LangAnalysis.framework/Versions/A/LangAnalysis
0x00000000292da000 	/System/Library/Frameworks/ApplicationServices.framework/Versions/A/Frameworks/PrintCore.framework/Versions/A/PrintCore
0x00000000292da000 	/System/Library/Frameworks/ApplicationServices.framework/Versions/A/Frameworks/QD.framework/Versions/A/QD
0x00000000292da000 	/System/Library/Frameworks/ApplicationServices.framework/Versions/A/Frameworks/SpeechSynthesis.framework/Versions/A/SpeechSynthesis
0x00000000292da000 	/System/Library/Frameworks/CoreDisplay.framework/Versions/A/CoreDisplay
0x00000000292da000 	/System/Library/Frameworks/Accelerate.framework/Versions/A/Frameworks/vImage.framework/Versions/A/vImage
0x00000000292da000 	/System/Library/Frameworks/Accelerate.framework/Versions/A/Frameworks/vecLib.framework/Versions/A/vecLib
0x00000000292da000 	/System/Library/Frameworks/Accelerate.framework/Versions/A/Frameworks/vecLib.framework/Versions/A/libvDSP.dylib
0x00000000292da000 	/System/Library/Frameworks/Accelerate.framework/Versions/A/Frameworks/vecLib.framework/Versions/A/libBNNS.dylib
0x00000000292da000 	/System/Library/Frameworks/Accelerate.framework/Versions/A/Frameworks/vecLib.framework/Versions/A/libQuadrature.dylib
0x00000000292da000 	/System/Library/Frameworks/Accelerate.framework/Versions/A/Frameworks/vecLib.framework/Versions/A/libvMisc.dylib
0x00000000292da000 	/System/Library/Frameworks/Accelerate.framework/Versions/A/Frameworks/vecLib.framework/Versions/A/libLAPACK.dylib
0x00000000292da000 	/System/Library/Frameworks/Accelerate.framework/Versions/A/Frameworks/vecLib.framework/Versions/A/libBLAS.dylib
0x00000000292da000 	/System/Library/Frameworks/Accelerate.framework/Versions/A/Frameworks/vecLib.framework/Versions/A/libLinearAlgebra.dylib
0x00000000292da000 	/System/Library/Frameworks/Accelerate.framework/Versions/A/Frameworks/vecLib.framework/Versions/A/libSparse.dylib
0x00000000292da000 	/System/Library/Frameworks/Accelerate.framework/Versions/A/Frameworks/vecLib.framework/Versions/A/libSparseBLAS.dylib
0x00000000292da000 	/System/Library/PrivateFrameworks/GPUWrangler.framework/Versions/A/GPUWrangler
0x00000000292da000 	/System/Library/PrivateFrameworks/IOAccelerator.framework/Versions/A/IOAccelerator
0x00000000292da000 	/System/Library/PrivateFrameworks/IOPresentment.framework/Versions/A/IOPresentment
0x00000000292da000 	/System/Library/PrivateFrameworks/DSExternalDisplay.framework/Versions/A/DSExternalDisplay
0x00000000292da000 	/System/Library/Frameworks/OpenGL.framework/Versions/A/Libraries/libCoreFSCache.dylib
0x00000000292da000 	/System/Library/Frameworks/CoreVideo.framework/Versions/A/CoreVideo
0x00000000292da000 	/System/Library/PrivateFrameworks/GraphVisualizer.framework/Versions/A/GraphVisualizer
0x00000000292da000 	/System/Library/Frameworks/MetalPerformanceShaders.framework/Versions/A/MetalPerformanceShaders
0x00000000292da000 	/usr/lib/libFosl_dynamic.dylib
0x00000000292da000 	/System/Library/PrivateFrameworks/FaceCore.framework/Versions/A/FaceCore
0x00000000292da000 	/System/Library/Frameworks/OpenCL.framework/Versions/A/OpenCL
0x00000000292da000 	/usr/lib/libcompression.dylib
0x00000000292da000 	/System/Library/Frameworks/ApplicationServices.framework/Versions/A/Frameworks/ATS.framework/Versions/A/Resources/libFontParser.dylib
0x00000000292da000 	/System/Library/Frameworks/ApplicationServices.framework/Versions/A/Frameworks/ATS.framework/Versions/A/Resources/libFontRegistry.dylib
0x00000000292da000 	/System/Library/Frameworks/ImageIO.framework/Versions/A/Resources/libJPEG.dylib
0x00000000292da000 	/System/Library/Frameworks/ImageIO.framework/Versions/A/Resources/libTIFF.dylib
0x00000000292da000 	/System/Library/Frameworks/ImageIO.framework/Versions/A/Resources/libPng.dylib
0x00000000292da000 	/System/Library/Frameworks/ImageIO.framework/Versions/A/Resources/libGIF.dylib
0x00000000292da000 	/System/Library/Frameworks/ImageIO.framework/Versions/A/Resources/libJP2.dylib
0x00000000292da000 	/System/Library/Frameworks/ImageIO.framework/Versions/A/Resources/libRadiance.dylib
0x00000000292da000 	/System/Library/PrivateFrameworks/AppleJPEG.framework/Versions/A/AppleJPEG
0x00000000292da000 	/System/Library/Frameworks/MetalPerformanceShaders.framework/Frameworks/MPSCore.framework/Versions/A/MPSCore
0x00000000292da000 	/System/Library/Frameworks/MetalPerformanceShaders.framework/Frameworks/MPSImage.framework/Versions/A/MPSImage
0x00000000292da000 	/System/Library/Frameworks/MetalPerformanceShaders.framework/Frameworks/MPSNeuralNetwork.framework/Versions/A/MPSNeuralNetwork
0x00000000292da000 	/System/Library/Frameworks/MetalPerformanceShaders.framework/Frameworks/MPSMatrix.framework/Versions/A/MPSMatrix
0x00000000292da000 	/System/Library/PrivateFrameworks/MetalTools.framework/Versions/A/MetalTools
0x00000000292da000 	/System/Library/Frameworks/OpenGL.framework/Versions/A/Libraries/libGLU.dylib
0x00000000292da000 	/System/Library/Frameworks/OpenGL.framework/Versions/A/Libraries/libGFXShared.dylib
0x00000000292da000 	/System/Library/Frameworks/OpenGL.framework/Versions/A/Libraries/libGL.dylib
0x00000000292da000 	/System/Library/Frameworks/OpenGL.framework/Versions/A/Libraries/libGLImage.dylib
0x00000000292da000 	/System/Library/Frameworks/OpenGL.framework/Versions/A/Libraries/libCVMSPluginSupport.dylib
0x00000000292da000 	/System/Library/Frameworks/OpenGL.framework/Versions/A/Libraries/libCoreVMClient.dylib
0x00000000292da000 	/usr/lib/libcups.2.dylib
0x00000000292da000 	/System/Library/Frameworks/Kerberos.framework/Versions/A/Kerberos
0x00000000292da000 	/System/Library/Frameworks/GSS.framework/Versions/A/GSS
0x00000000292da000 	/usr/lib/libresolv.9.dylib
0x00000000292da000 	/usr/lib/libiconv.2.dylib
0x00000000292da000 	/System/Library/PrivateFrameworks/Heimdal.framework/Versions/A/Heimdal
0x00000000292da000 	/usr/lib/libheimdal-asn1.dylib
0x00000000292da000 	/System/Library/Frameworks/OpenDirectory.framework/Versions/A/OpenDirectory
0x00000000292da000 	/System/Library/PrivateFrameworks/CommonAuth.framework/Versions/A/CommonAuth
0x00000000292da000 	/System/Library/Frameworks/OpenDirectory.framework/Versions/A/Frameworks/CFOpenDirectory.framework/Versions/A/CFOpenDirectory
0x00000000292da000 	/System/Library/Frameworks/SecurityFoundation.framework/Versions/A/SecurityFoundation
0x00000000292da000 	/System/Library/PrivateFrameworks/APFS.framework/Versions/A/APFS
0x00000000292da000 	/usr/lib/libutil.dylib
0x00000000292da000 	/System/Library/PrivateFrameworks/AppleSauce.framework/Versions/A/AppleSauce
0x00000000292da000 	/System/Library/PrivateFrameworks/LinguisticData.framework/Versions/A/LinguisticData
0x00000000292da000 	/usr/lib/libmarisa.dylib
0x00000000292da000 	/System/Library/PrivateFrameworks/Lexicon.framework/Versions/A/Lexicon
0x00000000292da000 	/usr/lib/libChineseTokenizer.dylib
0x00000000292da000 	/usr/lib/libcmph.dylib
0x00000000292da000 	/System/Library/PrivateFrameworks/LanguageModeling.framework/Versions/A/LanguageModeling
0x00000000292da000 	/System/Library/PrivateFrameworks/CoreEmoji.framework/Versions/A/CoreEmoji
0x00000000292da000 	/System/Library/Frameworks/ServiceManagement.framework/Versions/A/ServiceManagement
0x00000000292da000 	/System/Library/PrivateFrameworks/BackgroundTaskManagement.framework/Versions/A/BackgroundTaskManagement
0x00000000292da000 	/usr/lib/libxslt.1.dylib
0x00000000292da000 	/System/Library/Frameworks/Carbon.framework/Versions/A/Frameworks/Ink.framework/Versions/A/Ink
0x00000000292da000 	/System/Library/PrivateFrameworks/TextureIO.framework/Versions/A/TextureIO
0x00000000292da000 	/usr/lib/libate.dylib
0x00000000292da000 	/System/Library/PrivateFrameworks/CrashReporterSupport.framework/Versions/A/CrashReporterSupport
0x00000000292da000 	/System/Library/PrivateFrameworks/Sharing.framework/Versions/A/Sharing
0x00000000292da000 	/System/Library/PrivateFrameworks/IconServices.framework/Versions/A/IconServices
0x00000000292da000 	/System/Library/PrivateFrameworks/AuthKit.framework/Versions/A/AuthKit
0x00000000292da000 	/System/Library/PrivateFrameworks/Apple80211.framework/Versions/A/Apple80211
0x00000000292da000 	/System/Library/PrivateFrameworks/CoreUtils.framework/Versions/A/CoreUtils
0x00000000292da000 	/System/Library/Frameworks/CoreWLAN.framework/Versions/A/CoreWLAN
0x00000000292da000 	/System/Library/Frameworks/IOBluetooth.framework/Versions/A/IOBluetooth
0x00000000292da000 	/System/Library/PrivateFrameworks/ProtocolBuffer.framework/Versions/A/ProtocolBuffer
0x00000000292da000 	/System/Library/PrivateFrameworks/MobileKeyBag.framework/Versions/A/MobileKeyBag
0x00000000292da000 	/System/Library/PrivateFrameworks/CorePhoneNumbers.framework/Versions/A/CorePhoneNumbers
0x00000000292da000 	/System/Library/PrivateFrameworks/AppleIDAuthSupport.framework/Versions/A/AppleIDAuthSupport
0x00000000292da000 	/System/Library/PrivateFrameworks/KeychainCircle.framework/Versions/A/KeychainCircle
0x00000000292da000 	/System/Library/PrivateFrameworks/CoreWiFi.framework/Versions/A/CoreWiFi
0x00000000292da000 	/System/Library/Frameworks/CoreBluetooth.framework/Versions/A/CoreBluetooth
0x00000000292da000 	/System/Library/PrivateFrameworks/DebugSymbols.framework/Versions/A/DebugSymbols
0x00000000292da000 	/System/Library/PrivateFrameworks/CoreSymbolication.framework/Versions/A/CoreSymbolication
0x00000000292da000 	/System/Library/PrivateFrameworks/Symbolication.framework/Versions/A/Symbolication
0x00000000292da000 	/System/Library/PrivateFrameworks/AppleFSCompression.framework/Versions/A/AppleFSCompression
0x00000000292da000 	/System/Library/PrivateFrameworks/SpeechRecognitionCore.framework/Versions/A/SpeechRecognitionCore
0x000000010a341000 	/Library/Java/JavaVirtualMachines/jdk1.8.0_77.jdk/Contents/Home/jre/lib/server/libjvm.dylib
0x00000000292da000 	/usr/lib/libstdc++.6.0.9.dylib
0x000000010b2d0000 	/Library/Java/JavaVirtualMachines/jdk1.8.0_77.jdk/Contents/Home/jre/lib/libverify.dylib
0x000000010b2de000 	/Library/Java/JavaVirtualMachines/jdk1.8.0_77.jdk/Contents/Home/jre/lib/libjava.dylib
0x000000010b314000 	/Library/Java/JavaVirtualMachines/jdk1.8.0_77.jdk/Contents/Home/jre/lib/libinstrument.dylib
0x000000010b3b2000 	/Library/Java/JavaVirtualMachines/jdk1.8.0_77.jdk/Contents/Home/jre/lib/libzip.dylib
0x00000000292da000 	/System/Library/Frameworks/JavaVM.framework/Versions/A/Frameworks/JavaRuntimeSupport.framework/Versions/A/JavaRuntimeSupport
0x00000000292da000 	/System/Library/Frameworks/JavaVM.framework/Versions/A/Frameworks/JavaNativeFoundation.framework/Versions/A/JavaNativeFoundation
0x00000000292da000 	/System/Library/Frameworks/JavaVM.framework/Versions/A/JavaVM
0x00000000292da000 	/System/Library/Frameworks/Carbon.framework/Versions/A/Carbon
0x00000000292da000 	/System/Library/PrivateFrameworks/JavaLaunching.framework/Versions/A/JavaLaunching
0x00000000292da000 	/System/Library/Frameworks/Carbon.framework/Versions/A/Frameworks/CommonPanels.framework/Versions/A/CommonPanels
0x00000000292da000 	/System/Library/Frameworks/Carbon.framework/Versions/A/Frameworks/Help.framework/Versions/A/Help
0x00000000292da000 	/System/Library/Frameworks/Carbon.framework/Versions/A/Frameworks/ImageCapture.framework/Versions/A/ImageCapture
0x00000000292da000 	/System/Library/Frameworks/Carbon.framework/Versions/A/Frameworks/OpenScripting.framework/Versions/A/OpenScripting
0x00000000292da000 	/System/Library/Frameworks/Carbon.framework/Versions/A/Frameworks/Print.framework/Versions/A/Print
0x00000000292da000 	/System/Library/Frameworks/Carbon.framework/Versions/A/Frameworks/SecurityHI.framework/Versions/A/SecurityHI
0x00000001100ed000 	/Library/Java/JavaVirtualMachines/jdk1.8.0_77.jdk/Contents/Home/jre/lib/libnet.dylib
0x00000001101e2000 	/Library/Java/JavaVirtualMachines/jdk1.8.0_77.jdk/Contents/Home/jre/lib/libprism_es2.dylib
0x00000000292da000 	/System/Library/PrivateFrameworks/CoreServicesInternal.framework/Versions/A/CoreServicesInternal
0x00000000292da000 	/System/Library/Frameworks/OpenGL.framework/Versions/A/Resources/GLEngine.bundle/GLEngine
0x00000000292da000 	/System/Library/Frameworks/OpenGL.framework/Versions/A/Libraries/libGLProgrammability.dylib
0x000000011028c000 	/System/Library/Extensions/AppleIntelHD3000GraphicsGLDriver.bundle/Contents/MacOS/AppleIntelHD3000GraphicsGLDriver
0x00000000292da000 	/System/Library/PrivateFrameworks/GPUSupport.framework/Versions/A/Libraries/libGPUSupport.dylib
0x00000000292da000 	/System/Library/Frameworks/OpenGL.framework/Versions/A/Resources/GLRendererFloat.bundle/GLRendererFloat
0x00000000292da000 	/System/Library/Frameworks/OpenCL.framework/Versions/A/Libraries/libcldcpuengine.dylib
0x00000000292da000 	/usr/lib/libcrypto.35.dylib
0x00000000292da000 	/System/Library/PrivateFrameworks/TrustEvaluationAgent.framework/Versions/A/TrustEvaluationAgent
0x00000001213c5000 	/Library/Java/JavaVirtualMachines/jdk1.8.0_77.jdk/Contents/Home/jre/lib/libglass.dylib
0x00000000292da000 	/System/Library/CoreServices/RawCamera.bundle/Contents/MacOS/RawCamera
0x00000000292da000 	/System/Library/PrivateFrameworks/MobileAsset.framework/Versions/A/MobileAsset
0x00000000292da000 	/System/Library/PrivateFrameworks/StreamingZip.framework/Versions/A/StreamingZip
0x00000000292da000 	/System/Library/Frameworks/MediaToolbox.framework/Versions/A/MediaToolbox
0x00000000292da000 	/System/Library/PrivateFrameworks/CoreAVCHD.framework/Versions/A/CoreAVCHD
0x00000000292da000 	/System/Library/Frameworks/MediaAccessibility.framework/Versions/A/MediaAccessibility
0x00000000292da000 	/System/Library/PrivateFrameworks/Mangrove.framework/Versions/A/Mangrove
0x00000000292da000 	/System/Library/Frameworks/CoreMedia.framework/Versions/A/CoreMedia
0x00000000292da000 	/System/Library/Frameworks/VideoToolbox.framework/Versions/A/VideoToolbox
0x00000000292da000 	/System/Library/PrivateFrameworks/CoreAUC.framework/Versions/A/CoreAUC
0x00000000292da000 	/usr/lib/libspindump.dylib
0x00000000292da000 	/System/Library/PrivateFrameworks/AppleVA.framework/Versions/A/AppleVA
0x00000000292da000 	/System/Library/Frameworks/Accelerate.framework/Versions/A/Frameworks/vImage.framework/Versions/A/Libraries/libCGInterfaces.dylib
0x00000000292da000 	/System/Library/PrivateFrameworks/FamilyControls.framework/Versions/A/FamilyControls
0x00000000292da000 	/System/Library/PrivateFrameworks/CommerceKit.framework/Versions/A/Frameworks/CommerceCore.framework/Versions/A/CommerceCore
0x00000000292da000 	/System/Library/PrivateFrameworks/SystemAdministration.framework/Versions/A/SystemAdministration
0x00000000292da000 	/System/Library/PrivateFrameworks/AppContainer.framework/Versions/A/AppContainer
0x00000000292da000 	/System/Library/PrivateFrameworks/SecCodeWrapper.framework/Versions/A/SecCodeWrapper
0x00000000292da000 	/System/Library/PrivateFrameworks/DiskManagement.framework/Versions/A/DiskManagement
0x00000000292da000 	/System/Library/Frameworks/DirectoryService.framework/Versions/A/DirectoryService
0x00000000292da000 	/System/Library/PrivateFrameworks/DiskImages.framework/Versions/A/DiskImages
0x00000000292da000 	/System/Library/PrivateFrameworks/LoginUIKit.framework/Versions/A/Frameworks/LoginUICore.framework/Versions/A/LoginUICore
0x00000000292da000 	/usr/lib/libCoreStorage.dylib
0x00000000292da000 	/usr/lib/libcsfde.dylib
0x00000000292da000 	/usr/lib/libodfde.dylib
0x00000000292da000 	/System/Library/PrivateFrameworks/MediaKit.framework/Versions/A/MediaKit
0x00000000292da000 	/System/Library/Frameworks/DiscRecording.framework/Versions/A/DiscRecording
0x00000000292da000 	/System/Library/PrivateFrameworks/EFILogin.framework/Versions/A/EFILogin
0x00000000292da000 	/System/Library/PrivateFrameworks/ProtectedCloudStorage.framework/Versions/A/ProtectedCloudStorage
0x00000000292da000 	/usr/lib/libcurl.4.dylib
0x00000000292da000 	/usr/lib/libssl.35.dylib
0x00000000292da000 	/System/Library/Frameworks/LDAP.framework/Versions/A/LDAP
0x00000000292da000 	/usr/lib/libsasl2.2.dylib
0x00000000292da000 	/System/Library/PrivateFrameworks/CoreDaemon.framework/Versions/B/CoreDaemon
0x00000000292da000 	/System/Library/PrivateFrameworks/AppleSRP.framework/Versions/A/AppleSRP
0x000000012185c000 	/Library/Java/JavaVirtualMachines/jdk1.8.0_77.jdk/Contents/Home/jre/lib/libjavafx_font.dylib
0x00000000292da000 	/System/Library/Frameworks/ApplicationServices.framework/Versions/A/Frameworks/ATS.framework/Versions/A/Resources/libTrueTypeScaler.dylib
0x0000000123232000 	/Library/Java/JavaVirtualMachines/jdk1.8.0_77.jdk/Contents/Home/jre/lib/libprism_common.dylib

VM Arguments:
jvm_args: -javaagent:/Applications/IntelliJ IDEA.app/Contents/lib/idea_rt.jar=49896:/Applications/IntelliJ IDEA.app/Contents/bin -Dfile.encoding=UTF-8 
java_command: edu.um.chromaster.Game
java_class_path (initial): /Library/Java/JavaVirtualMachines/jdk1.8.0_77.jdk/Contents/Home/jre/lib/charsets.jar:/Library/Java/JavaVirtualMachines/jdk1.8.0_77.jdk/Contents/Home/jre/lib/deploy.jar:/Library/Java/JavaVirtualMachines/jdk1.8.0_77.jdk/Contents/Home/jre/lib/ext/cldrdata.jar:/Library/Java/JavaVirtualMachines/jdk1.8.0_77.jdk/Contents/Home/jre/lib/ext/dnsns.jar:/Library/Java/JavaVirtualMachines/jdk1.8.0_77.jdk/Contents/Home/jre/lib/ext/jaccess.jar:/Library/Java/JavaVirtualMachines/jdk1.8.0_77.jdk/Contents/Home/jre/lib/ext/jfxrt.jar:/Library/Java/JavaVirtualMachines/jdk1.8.0_77.jdk/Contents/Home/jre/lib/ext/localedata.jar:/Library/Java/JavaVirtualMachines/jdk1.8.0_77.jdk/Contents/Home/jre/lib/ext/nashorn.jar:/Library/Java/JavaVirtualMachines/jdk1.8.0_77.jdk/Contents/Home/jre/lib/ext/sunec.jar:/Library/Java/JavaVirtualMachines/jdk1.8.0_77.jdk/Contents/Home/jre/lib/ext/sunjce_provider.jar:/Library/Java/JavaVirtualMachines/jdk1.8.0_77.jdk/Contents/Home/jre/lib/ext/sunpkcs11.jar:/Library/Java/JavaVirtualMachines/jdk1.8.0_77.jdk/Contents/Home/jre/lib/ext/zipfs.jar:/Library/Java/JavaVirtualMachines/jdk1.8.0_77.jdk/Contents/Home/jre/lib/javaws.jar:/Library/Java/JavaVirtualMachines/jdk1.8.0_77.jdk/Contents/Home/jre/lib/jce.jar:/Library/Java/JavaVirtualMachines/jdk1.8.0_77.jdk/Contents/Home/jre/lib/jfr.jar:/Library/Java/JavaVirtualMachines/jdk1.8.0_77.jdk/Contents/Home/jre/lib/jfxswt.jar:/Library/Java/JavaVirtualMachines/jdk1.8.0_77.jdk/Contents/Home/jre/lib/jsse.jar:/Library/Java/JavaVirtualMachines/jdk1.8.0_77.jdk/Contents/Home/jre/lib/management-agent.jar:/Library/Java/JavaVirtualMachines/jdk1.8.0_77.jdk/Contents/Home/jre/lib/plugin.jar:/Library/Java/JavaVirtualMachines/jdk1.8.0_77.jdk/Contents/Home/jre/lib/resources.jar:/Library/Java/JavaVirtualMachines/jdk1.8.0_77.jdk/Contents/Home/jre/lib/rt.jar:/Library/Java/JavaVirtualMachines/jdk1.8.0_77.jdk/Contents/Home/lib/ant-javafx.jar:/Library/Java/JavaVirtualMachines/jdk1.8.0_77.jdk/Contents/Home/lib/dt.jar:/Library/Ja
Launcher Type: SUN_STANDARD

Environment Variables:
PATH=/Library/Frameworks/Python.framework/Versions/2.7/bin:/Users/johan/anaconda/bin:/Library/Frameworks/Python.framework/Versions/3.5/bin:/usr/local/bin:/usr/bin:/bin:/usr/sbin:/sbin
SHELL=/bin/bash

Signal Handlers:
SIGSEGV: [libjvm.dylib+0x5a6855], sa_mask[0]=11111111011111110111111111111111, sa_flags=SA_ONSTACK|SA_RESTART|SA_SIGINFO
SIGBUS: [libjvm.dylib+0x5a6855], sa_mask[0]=11111111011111110111111111111111, sa_flags=SA_RESTART|SA_SIGINFO
SIGFPE: [libjvm.dylib+0x4804ec], sa_mask[0]=11111111011111110111111111111111, sa_flags=SA_RESTART|SA_SIGINFO
SIGPIPE: [libjvm.dylib+0x4804ec], sa_mask[0]=11111111011111110111111111111111, sa_flags=SA_RESTART|SA_SIGINFO
SIGXFSZ: [libjvm.dylib+0x4804ec], sa_mask[0]=11111111011111110111111111111111, sa_flags=SA_RESTART|SA_SIGINFO
SIGILL: [libjvm.dylib+0x4804ec], sa_mask[0]=11111111011111110111111111111111, sa_flags=SA_RESTART|SA_SIGINFO
SIGUSR1: SIG_DFL, sa_mask[0]=00000000000000000000000000000000, sa_flags=none
SIGUSR2: [libjvm.dylib+0x48000a], sa_mask[0]=00100000000000000000000000000000, sa_flags=SA_RESTART|SA_SIGINFO
SIGHUP: [libjvm.dylib+0x47e5e1], sa_mask[0]=11111111011111110111111111111111, sa_flags=SA_RESTART|SA_SIGINFO
SIGINT: [libjvm.dylib+0x47e5e1], sa_mask[0]=11111111011111110111111111111111, sa_flags=SA_RESTART|SA_SIGINFO
SIGTERM: [libjvm.dylib+0x47e5e1], sa_mask[0]=11111111011111110111111111111111, sa_flags=SA_RESTART|SA_SIGINFO
SIGQUIT: [libjvm.dylib+0x47e5e1], sa_mask[0]=11111111011111110111111111111111, sa_flags=SA_RESTART|SA_SIGINFO


---------------  S Y S T E M  ---------------

OS:Bsduname:Darwin 17.7.0 Darwin Kernel Version 17.7.0: Thu Jun 21 22:53:14 PDT 2018; root:xnu-4570.71.2~1/RELEASE_X86_64 x86_64
rlimit: STACK 8192k, CORE 0k, NPROC 709, NOFILE 10240, AS infinity
load average:3.99 2.62 2.04

CPU:total 4 (2 cores per cpu, 2 threads per core) family 6 model 42 stepping 7, cmov, cx8, fxsr, mmx, sse, sse2, sse3, ssse3, sse4.1, sse4.2, popcnt, avx, aes, clmul, ht, tsc, tscinvbit

Memory: 4k page, physical 4194304k(178008k free)

/proc/meminfo:


vm_info: Java HotSpot(TM) 64-Bit Server VM (25.77-b03) for bsd-amd64 JRE (1.8.0_77-b03), built on Mar 20 2016 22:14:03 by "java_re" with gcc 4.2.1 (Based on Apple Inc. build 5658) (LLVM build 2336.11.00)

time: Fri Dec  7 08:26:55 2018
elapsed time: 36 seconds (0d 0h 0m 36s)

